[ 2018-04-02T14:25:44+08:00 ] ::1 /admin.php
INFO: [ app_init ] --START--
INFO: Run Behavior\BuildLiteBehavior [ RunTime:0.000019s ]
INFO: [ app_init ] --END-- [ RunTime:0.000528s ]
INFO: [ app_begin ] --START--
INFO: Run Behavior\ReadHtmlCacheBehavior [ RunTime:0.000569s ]
INFO: [ app_begin ] --END-- [ RunTime:0.000621s ]
NOTIC: [8] Undefined variable: module C:\greenSoft\phpstudy\PHPTutorial\WWW\ThinkPHP\Common\functions.php 第 990 行.
NOTIC: [8] Undefined variable: var C:\greenSoft\phpstudy\PHPTutorial\WWW\ThinkPHP\Common\functions.php 第 990 行.
NOTIC: [2] array_reverse() expects parameter 1 to be array, null given C:\greenSoft\phpstudy\PHPTutorial\WWW\ThinkPHP\Common\functions.php 第 990 行.
NOTIC: [2] http_build_query(): Parameter 1 expected to be Array or Object.  Incorrect value given C:\greenSoft\phpstudy\PHPTutorial\WWW\ThinkPHP\Common\functions.php 第 990 行.

[ 2018-04-02T14:25:44+08:00 ] ::1 /admin.php?m=&&c=login
INFO: [ app_init ] --START--
INFO: Run Behavior\BuildLiteBehavior [ RunTime:0.000015s ]
INFO: [ app_init ] --END-- [ RunTime:0.000357s ]
INFO: [ app_begin ] --START--
INFO: Run Behavior\ReadHtmlCacheBehavior [ RunTime:0.000725s ]
INFO: [ app_begin ] --END-- [ RunTime:0.000798s ]
INFO: [ view_parse ] --START--
INFO: [ template_filter ] --START--
INFO: Run Behavior\ContentReplaceBehavior [ RunTime:0.000039s ]
INFO: [ template_filter ] --END-- [ RunTime:0.000093s ]
INFO: Run Behavior\ParseTemplateBehavior [ RunTime:0.007870s ]
INFO: [ view_parse ] --END-- [ RunTime:0.007942s ]
INFO: [ view_filter ] --START--
INFO: Run Behavior\WriteHtmlCacheBehavior [ RunTime:0.000574s ]
INFO: [ view_filter ] --END-- [ RunTime:0.000620s ]
INFO: [ app_end ] --START--
INFO: Run Behavior\ShowPageTraceBehavior [ RunTime:0.000953s ]
INFO: [ app_end ] --END-- [ RunTime:0.001004s ]

[ 2018-04-02T14:25:45+08:00 ] ::1 /admin.php?c=login&a=check
INFO: [ app_init ] --START--
INFO: Run Behavior\BuildLiteBehavior [ RunTime:0.000016s ]
INFO: [ app_init ] --END-- [ RunTime:0.000367s ]
INFO: [ app_begin ] --START--
INFO: Run Behavior\ReadHtmlCacheBehavior [ RunTime:0.000552s ]
INFO: [ app_begin ] --END-- [ RunTime:0.000605s ]
SQL: SHOW COLUMNS FROM `cms_admin` [ RunTime:0.0017s ]
SQL: SELECT * FROM `cms_admin` WHERE ( username="root" ) LIMIT 1   [ RunTime:0.0003s ]

[ 2018-04-02T14:25:53+08:00 ] ::1 /admin.php?c=login&a=check
INFO: [ app_init ] --START--
INFO: Run Behavior\BuildLiteBehavior [ RunTime:0.000014s ]
INFO: [ app_init ] --END-- [ RunTime:0.000342s ]
INFO: [ app_begin ] --START--
INFO: Run Behavior\ReadHtmlCacheBehavior [ RunTime:0.001130s ]
INFO: [ app_begin ] --END-- [ RunTime:0.001244s ]
SQL: SHOW COLUMNS FROM `cms_admin` [ RunTime:0.0009s ]
SQL: SELECT * FROM `cms_admin` WHERE ( username="admin" ) LIMIT 1   [ RunTime:0.0003s ]

[ 2018-04-02T14:25:57+08:00 ] ::1 /admin.php?c=login&a=check
INFO: [ app_init ] --START--
INFO: Run Behavior\BuildLiteBehavior [ RunTime:0.000014s ]
INFO: [ app_init ] --END-- [ RunTime:0.000345s ]
INFO: [ app_begin ] --START--
INFO: Run Behavior\ReadHtmlCacheBehavior [ RunTime:0.000563s ]
INFO: [ app_begin ] --END-- [ RunTime:0.000611s ]
SQL: SHOW COLUMNS FROM `cms_admin` [ RunTime:0.0011s ]
SQL: SELECT * FROM `cms_admin` WHERE ( username="admin" ) LIMIT 1   [ RunTime:0.0003s ]
SQL: UPDATE `cms_admin` SET `lastlogintime`='1522650357' WHERE ( admin_id=1 ) [ RunTime:0.0003s ]

[ 2018-04-02T14:25:58+08:00 ] ::1 /admin.php?c=index
INFO: [ app_init ] --START--
INFO: Run Behavior\BuildLiteBehavior [ RunTime:0.000015s ]
INFO: [ app_init ] --END-- [ RunTime:0.000360s ]
INFO: [ app_begin ] --START--
INFO: Run Behavior\ReadHtmlCacheBehavior [ RunTime:0.000545s ]
INFO: [ app_begin ] --END-- [ RunTime:0.000596s ]
NOTIC: [2048] Declaration of Common\Model\NewsModel::find() should be compatible with Think\Model::find($options = Array) C:\greenSoft\phpstudy\PHPTutorial\WWW\Application\Common\Model\NewsModel.class.php 第 9 行.
SQL: SHOW COLUMNS FROM `cms_news` [ RunTime:0.0011s ]
SQL: SELECT * FROM `cms_news` WHERE `status` = 1 ORDER BY count desc LIMIT 1   [ RunTime:0.0004s ]
SQL: SELECT COUNT(*) AS tp_count FROM `cms_news` WHERE `status` <> -1 LIMIT 1   [ RunTime:0.0002s ]
NOTIC: [2048] Declaration of Common\Model\PositionModel::find() should be compatible with Think\Model::find($options = Array) C:\greenSoft\phpstudy\PHPTutorial\WWW\Application\Common\Model\PositionModel.class.php 第 81 行.
SQL: SHOW COLUMNS FROM `cms_position` [ RunTime:0.0012s ]
SQL: SELECT COUNT(*) AS tp_count FROM `cms_position` WHERE `status` = 1 LIMIT 1   [ RunTime:0.0003s ]
SQL: SHOW COLUMNS FROM `cms_admin` [ RunTime:0.0010s ]
SQL: SELECT COUNT(*) AS tp_count FROM `cms_admin` WHERE `status` = 1 AND `lastlogintime` > 1522598400 LIMIT 1   [ RunTime:0.0003s ]
NOTIC: [2] Illegal string offset 'tp_count' C:\greenSoft\phpstudy\PHPTutorial\WWW\Application\Common\Model\AdminModel.class.php 第 75 行.
INFO: [ view_parse ] --START--
INFO: [ template_filter ] --START--
INFO: Run Behavior\ContentReplaceBehavior [ RunTime:0.000058s ]
INFO: [ template_filter ] --END-- [ RunTime:0.000109s ]
NOTIC: [2048] Declaration of Common\Model\MenuModel::find() should be compatible with Think\Model::find($options = Array) C:\greenSoft\phpstudy\PHPTutorial\WWW\Application\Common\Model\MenuModel.class.php 第 92 行.
SQL: SHOW COLUMNS FROM `cms_menu` [ RunTime:0.0015s ]
SQL: SELECT * FROM `cms_menu` WHERE `status` <> -1 AND `type` = 1 ORDER BY listorder desc,menu_id desc  [ RunTime:0.0004s ]
NOTIC: [8] Undefined index: a C:\greenSoft\phpstudy\PHPTutorial\WWW\Application\Common\Common\function.php 第 33 行.
NOTIC: [8] Undefined index: a C:\greenSoft\phpstudy\PHPTutorial\WWW\Application\Common\Common\function.php 第 33 行.
NOTIC: [8] Undefined index: a C:\greenSoft\phpstudy\PHPTutorial\WWW\Application\Common\Common\function.php 第 33 行.
NOTIC: [8] Undefined index: a C:\greenSoft\phpstudy\PHPTutorial\WWW\Application\Common\Common\function.php 第 33 行.
NOTIC: [8] Undefined index: a C:\greenSoft\phpstudy\PHPTutorial\WWW\Application\Common\Common\function.php 第 33 行.
NOTIC: [8] Undefined index: a C:\greenSoft\phpstudy\PHPTutorial\WWW\Application\Common\Common\function.php 第 33 行.
INFO: Run Behavior\ParseTemplateBehavior [ RunTime:0.015449s ]
INFO: [ view_parse ] --END-- [ RunTime:0.015511s ]
INFO: [ view_filter ] --START--
INFO: Run Behavior\WriteHtmlCacheBehavior [ RunTime:0.000672s ]
INFO: [ view_filter ] --END-- [ RunTime:0.000722s ]
INFO: [ app_end ] --START--
INFO: Run Behavior\ShowPageTraceBehavior [ RunTime:0.000955s ]
INFO: [ app_end ] --END-- [ RunTime:0.001023s ]

[ 2018-04-02T14:26:01+08:00 ] ::1 /admin.php?c=content
INFO: [ app_init ] --START--
INFO: Run Behavior\BuildLiteBehavior [ RunTime:0.000015s ]
INFO: [ app_init ] --END-- [ RunTime:0.000360s ]
INFO: [ app_begin ] --START--
INFO: Run Behavior\ReadHtmlCacheBehavior [ RunTime:0.000536s ]
INFO: [ app_begin ] --END-- [ RunTime:0.000586s ]
NOTIC: [2048] Declaration of Admin\Controller\ContentController::setStatus() should be compatible with Admin\Controller\CommonController::setStatus($data, $models) C:\greenSoft\phpstudy\PHPTutorial\WWW\Application\Admin\Controller\ContentController.class.php 第 12 行.
NOTIC: [2048] Declaration of Admin\Controller\ContentController::listorder() should be compatible with Admin\Controller\CommonController::listorder($model = '') C:\greenSoft\phpstudy\PHPTutorial\WWW\Application\Admin\Controller\ContentController.class.php 第 12 行.
NOTIC: [8] Undefined index: title C:\greenSoft\phpstudy\PHPTutorial\WWW\Application\Admin\Controller\ContentController.class.php 第 16 行.
NOTIC: [8] Undefined index: catid C:\greenSoft\phpstudy\PHPTutorial\WWW\Application\Admin\Controller\ContentController.class.php 第 20 行.
NOTIC: [8] Undefined index: p C:\greenSoft\phpstudy\PHPTutorial\WWW\Application\Admin\Controller\ContentController.class.php 第 24 行.
NOTIC: [2048] Declaration of Common\Model\NewsModel::find() should be compatible with Think\Model::find($options = Array) C:\greenSoft\phpstudy\PHPTutorial\WWW\Application\Common\Model\NewsModel.class.php 第 9 行.
SQL: SHOW COLUMNS FROM `cms_news` [ RunTime:0.0013s ]
SQL: SELECT * FROM `cms_news` WHERE `status` <> -1 ORDER BY listorder desc ,news_id desc LIMIT 0,10   [ RunTime:0.0005s ]
SQL: SELECT COUNT(*) AS tp_count FROM `cms_news` WHERE `status` <> -1 LIMIT 1   [ RunTime:0.0003s ]
NOTIC: [2048] Declaration of Common\Model\PositionModel::find() should be compatible with Think\Model::find($options = Array) C:\greenSoft\phpstudy\PHPTutorial\WWW\Application\Common\Model\PositionModel.class.php 第 81 行.
SQL: SHOW COLUMNS FROM `cms_position` [ RunTime:0.0010s ]
SQL: SELECT * FROM `cms_position` WHERE `status` = 1 ORDER BY id  [ RunTime:0.0003s ]
NOTIC: [2048] Declaration of Common\Model\MenuModel::find() should be compatible with Think\Model::find($options = Array) C:\greenSoft\phpstudy\PHPTutorial\WWW\Application\Common\Model\MenuModel.class.php 第 92 行.
SQL: SHOW COLUMNS FROM `cms_menu` [ RunTime:0.0010s ]
SQL: SELECT * FROM `cms_menu` WHERE `status` = 1 AND `type` = 0 ORDER BY listorder desc,menu_id desc  [ RunTime:0.0004s ]
INFO: [ view_parse ] --START--
INFO: [ template_filter ] --START--
INFO: Run Behavior\ContentReplaceBehavior [ RunTime:0.000070s ]
INFO: [ template_filter ] --END-- [ RunTime:0.000121s ]
SQL: SELECT * FROM `cms_menu` WHERE `status` <> -1 AND `type` = 1 ORDER BY listorder desc,menu_id desc  [ RunTime:0.0006s ]
NOTIC: [8] Undefined index: a C:\greenSoft\phpstudy\PHPTutorial\WWW\Application\Common\Common\function.php 第 33 行.
NOTIC: [8] Undefined index: a C:\greenSoft\phpstudy\PHPTutorial\WWW\Application\Common\Common\function.php 第 33 行.
NOTIC: [8] Undefined index: a C:\greenSoft\phpstudy\PHPTutorial\WWW\Application\Common\Common\function.php 第 33 行.
NOTIC: [8] Undefined index: a C:\greenSoft\phpstudy\PHPTutorial\WWW\Application\Common\Common\function.php 第 33 行.
NOTIC: [8] Undefined index: a C:\greenSoft\phpstudy\PHPTutorial\WWW\Application\Common\Common\function.php 第 33 行.
NOTIC: [8] Undefined index: a C:\greenSoft\phpstudy\PHPTutorial\WWW\Application\Common\Common\function.php 第 33 行.
INFO: Run Behavior\ParseTemplateBehavior [ RunTime:0.015761s ]
INFO: [ view_parse ] --END-- [ RunTime:0.015825s ]
INFO: [ view_filter ] --START--
INFO: Run Behavior\WriteHtmlCacheBehavior [ RunTime:0.000729s ]
INFO: [ view_filter ] --END-- [ RunTime:0.000774s ]
INFO: [ app_end ] --START--
INFO: Run Behavior\ShowPageTraceBehavior [ RunTime:0.001008s ]
INFO: [ app_end ] --END-- [ RunTime:0.001079s ]

[ 2018-04-02T14:26:02+08:00 ] ::1 /admin.php?c=menu
INFO: [ app_init ] --START--
INFO: Run Behavior\BuildLiteBehavior [ RunTime:0.000014s ]
INFO: [ app_init ] --END-- [ RunTime:0.000344s ]
INFO: [ app_begin ] --START--
INFO: Run Behavior\ReadHtmlCacheBehavior [ RunTime:0.000540s ]
INFO: [ app_begin ] --END-- [ RunTime:0.000588s ]
NOTIC: [2048] Declaration of Admin\Controller\MenuController::setStatus() should be compatible with Admin\Controller\CommonController::setStatus($data, $models) C:\greenSoft\phpstudy\PHPTutorial\WWW\Application\Admin\Controller\MenuController.class.php 第 9 行.
NOTIC: [2048] Declaration of Admin\Controller\MenuController::listorder() should be compatible with Admin\Controller\CommonController::listorder($model = '') C:\greenSoft\phpstudy\PHPTutorial\WWW\Application\Admin\Controller\MenuController.class.php 第 9 行.
NOTIC: [8] Undefined index: p C:\greenSoft\phpstudy\PHPTutorial\WWW\Application\Admin\Controller\MenuController.class.php 第 51 行.
NOTIC: [8] Undefined index: pageSize C:\greenSoft\phpstudy\PHPTutorial\WWW\Application\Admin\Controller\MenuController.class.php 第 52 行.
NOTIC: [2048] Declaration of Common\Model\MenuModel::find() should be compatible with Think\Model::find($options = Array) C:\greenSoft\phpstudy\PHPTutorial\WWW\Application\Common\Model\MenuModel.class.php 第 5 行.
SQL: SHOW COLUMNS FROM `cms_menu` [ RunTime:0.0009s ]
SQL: SELECT * FROM `cms_menu` WHERE `status` <> -1 ORDER BY listorder desc,menu_id desc LIMIT 0,3   [ RunTime:0.0003s ]
SQL: SELECT COUNT(*) AS tp_count FROM `cms_menu` WHERE `status` <> -1 LIMIT 1   [ RunTime:0.0002s ]
INFO: [ view_parse ] --START--
INFO: [ template_filter ] --START--
INFO: Run Behavior\ContentReplaceBehavior [ RunTime:0.000057s ]
INFO: [ template_filter ] --END-- [ RunTime:0.000106s ]
SQL: SELECT * FROM `cms_menu` WHERE `status` <> -1 AND `type` = 1 ORDER BY listorder desc,menu_id desc  [ RunTime:0.0004s ]
NOTIC: [8] Undefined index: a C:\greenSoft\phpstudy\PHPTutorial\WWW\Application\Common\Common\function.php 第 33 行.
NOTIC: [8] Undefined index: a C:\greenSoft\phpstudy\PHPTutorial\WWW\Application\Common\Common\function.php 第 33 行.
NOTIC: [8] Undefined index: a C:\greenSoft\phpstudy\PHPTutorial\WWW\Application\Common\Common\function.php 第 33 行.
NOTIC: [8] Undefined index: a C:\greenSoft\phpstudy\PHPTutorial\WWW\Application\Common\Common\function.php 第 33 行.
NOTIC: [8] Undefined index: a C:\greenSoft\phpstudy\PHPTutorial\WWW\Application\Common\Common\function.php 第 33 行.
NOTIC: [8] Undefined index: a C:\greenSoft\phpstudy\PHPTutorial\WWW\Application\Common\Common\function.php 第 33 行.
NOTIC: [8] Undefined variable: nav C:\greenSoft\phpstudy\PHPTutorial\WWW\Application\Runtime\Cache\Admin\b956215329b6f9aca22277599a4efdfc.php 第 101 行.
INFO: Run Behavior\ParseTemplateBehavior [ RunTime:0.014235s ]
INFO: [ view_parse ] --END-- [ RunTime:0.014281s ]
INFO: [ view_filter ] --START--
INFO: Run Behavior\WriteHtmlCacheBehavior [ RunTime:0.000528s ]
INFO: [ view_filter ] --END-- [ RunTime:0.000565s ]
INFO: [ app_end ] --START--
INFO: Run Behavior\ShowPageTraceBehavior [ RunTime:0.001039s ]
INFO: [ app_end ] --END-- [ RunTime:0.001110s ]

[ 2018-04-02T14:26:02+08:00 ] ::1 /admin.php?c=content
INFO: [ app_init ] --START--
INFO: Run Behavior\BuildLiteBehavior [ RunTime:0.000014s ]
INFO: [ app_init ] --END-- [ RunTime:0.000345s ]
INFO: [ app_begin ] --START--
INFO: Run Behavior\ReadHtmlCacheBehavior [ RunTime:0.000529s ]
INFO: [ app_begin ] --END-- [ RunTime:0.000582s ]
NOTIC: [2048] Declaration of Admin\Controller\ContentController::setStatus() should be compatible with Admin\Controller\CommonController::setStatus($data, $models) C:\greenSoft\phpstudy\PHPTutorial\WWW\Application\Admin\Controller\ContentController.class.php 第 12 行.
NOTIC: [2048] Declaration of Admin\Controller\ContentController::listorder() should be compatible with Admin\Controller\CommonController::listorder($model = '') C:\greenSoft\phpstudy\PHPTutorial\WWW\Application\Admin\Controller\ContentController.class.php 第 12 行.
NOTIC: [8] Undefined index: title C:\greenSoft\phpstudy\PHPTutorial\WWW\Application\Admin\Controller\ContentController.class.php 第 16 行.
NOTIC: [8] Undefined index: catid C:\greenSoft\phpstudy\PHPTutorial\WWW\Application\Admin\Controller\ContentController.class.php 第 20 行.
NOTIC: [8] Undefined index: p C:\greenSoft\phpstudy\PHPTutorial\WWW\Application\Admin\Controller\ContentController.class.php 第 24 行.
NOTIC: [2048] Declaration of Common\Model\NewsModel::find() should be compatible with Think\Model::find($options = Array) C:\greenSoft\phpstudy\PHPTutorial\WWW\Application\Common\Model\NewsModel.class.php 第 9 行.
SQL: SHOW COLUMNS FROM `cms_news` [ RunTime:0.0011s ]
SQL: SELECT * FROM `cms_news` WHERE `status` <> -1 ORDER BY listorder desc ,news_id desc LIMIT 0,10   [ RunTime:0.0005s ]
SQL: SELECT COUNT(*) AS tp_count FROM `cms_news` WHERE `status` <> -1 LIMIT 1   [ RunTime:0.0002s ]
NOTIC: [2048] Declaration of Common\Model\PositionModel::find() should be compatible with Think\Model::find($options = Array) C:\greenSoft\phpstudy\PHPTutorial\WWW\Application\Common\Model\PositionModel.class.php 第 81 行.
SQL: SHOW COLUMNS FROM `cms_position` [ RunTime:0.0009s ]
SQL: SELECT * FROM `cms_position` WHERE `status` = 1 ORDER BY id  [ RunTime:0.0003s ]
NOTIC: [2048] Declaration of Common\Model\MenuModel::find() should be compatible with Think\Model::find($options = Array) C:\greenSoft\phpstudy\PHPTutorial\WWW\Application\Common\Model\MenuModel.class.php 第 92 行.
SQL: SHOW COLUMNS FROM `cms_menu` [ RunTime:0.0010s ]
SQL: SELECT * FROM `cms_menu` WHERE `status` = 1 AND `type` = 0 ORDER BY listorder desc,menu_id desc  [ RunTime:0.0003s ]
INFO: [ view_parse ] --START--
INFO: [ template_filter ] --START--
INFO: Run Behavior\ContentReplaceBehavior [ RunTime:0.000074s ]
INFO: [ template_filter ] --END-- [ RunTime:0.000129s ]
SQL: SELECT * FROM `cms_menu` WHERE `status` <> -1 AND `type` = 1 ORDER BY listorder desc,menu_id desc  [ RunTime:0.0005s ]
NOTIC: [8] Undefined index: a C:\greenSoft\phpstudy\PHPTutorial\WWW\Application\Common\Common\function.php 第 33 行.
NOTIC: [8] Undefined index: a C:\greenSoft\phpstudy\PHPTutorial\WWW\Application\Common\Common\function.php 第 33 行.
NOTIC: [8] Undefined index: a C:\greenSoft\phpstudy\PHPTutorial\WWW\Application\Common\Common\function.php 第 33 行.
NOTIC: [8] Undefined index: a C:\greenSoft\phpstudy\PHPTutorial\WWW\Application\Common\Common\function.php 第 33 行.
NOTIC: [8] Undefined index: a C:\greenSoft\phpstudy\PHPTutorial\WWW\Application\Common\Common\function.php 第 33 行.
NOTIC: [8] Undefined index: a C:\greenSoft\phpstudy\PHPTutorial\WWW\Application\Common\Common\function.php 第 33 行.
INFO: Run Behavior\ParseTemplateBehavior [ RunTime:0.015427s ]
INFO: [ view_parse ] --END-- [ RunTime:0.015476s ]
INFO: [ view_filter ] --START--
INFO: Run Behavior\WriteHtmlCacheBehavior [ RunTime:0.000520s ]
INFO: [ view_filter ] --END-- [ RunTime:0.000556s ]
INFO: [ app_end ] --START--
INFO: Run Behavior\ShowPageTraceBehavior [ RunTime:0.000855s ]
INFO: [ app_end ] --END-- [ RunTime:0.000916s ]

